<?xml version="1.0" encoding="UTF-8"?>
<testng-results ignored="0" total="1" passed="1" failed="0" skipped="0">
  <reporter-output>
  </reporter-output>
  <suite started-at="2024-03-09T09:38:37 IST" name="Default suite" finished-at="2024-03-09T09:38:49 IST" duration-ms="11406">
    <groups>
    </groups>
    <test started-at="2024-03-09T09:38:37 IST" name="Default test" finished-at="2024-03-09T09:38:49 IST" duration-ms="11406">
      <class name="datatestpkg.Datadriventest">
        <test-method is-config="true" signature="setUp()[pri:0, instance:datatestpkg.Datadriventest@5ab956d7]" started-at="2024-03-09T09:38:37 IST" name="setUp" finished-at="2024-03-09T09:38:40 IST" duration-ms="2703" status="PASS">
          <reporter-output>
          </reporter-output>
        </test-method> <!-- setUp -->
        <test-method signature="verifyLoginWithValidcred()[pri:0, instance:datatestpkg.Datadriventest@5ab956d7]" started-at="2024-03-09T09:38:40 IST" name="verifyLoginWithValidcred" finished-at="2024-03-09T09:38:49 IST" duration-ms="8664" status="PASS">
          <reporter-output>
          </reporter-output>
        </test-method> <!-- verifyLoginWithValidcred -->
        <test-method is-config="true" signature="postCondition()[pri:0, instance:datatestpkg.Datadriventest@5ab956d7]" started-at="2024-03-09T09:38:49 IST" name="postCondition" finished-at="2024-03-09T09:38:49 IST" duration-ms="0" status="PASS">
          <reporter-output>
          </reporter-output>
        </test-method> <!-- postCondition -->
      </class> <!-- datatestpkg.Datadriventest -->
    </test> <!-- Default test -->
  </suite> <!-- Default suite -->
</testng-results>
